time="2025-05-18 13:15:00" level=info Agent=PostmanRuntime/7.43.3 DataSize=42 HostName=tate Ip="::1" Method=POST Path=/api/v1/post/add SpendTime="0 ms" status=200
time="2025-05-18 13:15:21" level=info Agent=PostmanRuntime/7.43.3 DataSize=320 HostName=tate Ip="::1" Method=POST Path=/api/v1/post/add SpendTime="4196 ms" status=201
time="2025-05-18 14:07:05" level=info Agent=PostmanRuntime/7.43.3 DataSize=1233 HostName=tate Ip="::1" Method=GET Path=/api/v1/comment/1 SpendTime="16 ms" status=200
time="2025-05-18 14:09:04" level=info Agent=PostmanRuntime/7.43.3 DataSize=1233 HostName=tate Ip="::1" Method=GET Path=/api/v1/comment/1 SpendTime="3 ms" status=200
time="2025-05-18 14:12:30" level=info Agent=PostmanRuntime/7.43.3 DataSize=1233 HostName=tate Ip="::1" Method=GET Path=/api/v1/comment/1 SpendTime="5 ms" status=200
time="2025-05-18 14:15:25" level=info Agent=PostmanRuntime/7.43.3 DataSize=332 HostName=tate Ip="::1" Method=GET Path=/api/v1/post/1 SpendTime="4 ms" status=200
time="2025-05-18 14:15:42" level=info Agent=PostmanRuntime/7.43.3 DataSize=1233 HostName=tate Ip="::1" Method=GET Path=/api/v1/comment/1 SpendTime="4 ms" status=200
time="2025-05-18 14:17:05" level=info Agent=PostmanRuntime/7.43.3 DataSize=1233 HostName=tate Ip="::1" Method=GET Path=/api/v1/comment/1 SpendTime="4 ms" status=200
time="2025-05-18 14:17:06" level=info Agent=PostmanRuntime/7.43.3 DataSize=332 HostName=tate Ip="::1" Method=GET Path=/api/v1/post/1 SpendTime="2 ms" status=200
time="2025-05-18 14:17:57" level=info Agent=PostmanRuntime/7.43.3 DataSize=1233 HostName=tate Ip="::1" Method=GET Path=/api/v1/comment/1 SpendTime="4 ms" status=200
time="2025-05-18 14:17:57" level=info Agent=PostmanRuntime/7.43.3 DataSize=332 HostName=tate Ip="::1" Method=GET Path=/api/v1/post/1 SpendTime="1 ms" status=200
time="2025-05-18 14:19:18" level=info Agent=PostmanRuntime/7.43.3 DataSize=332 HostName=tate Ip="::1" Method=GET Path=/api/v1/post/1 SpendTime="3 ms" status=200
time="2025-05-18 14:20:37" level=info Agent=PostmanRuntime/7.43.3 DataSize=1233 HostName=tate Ip="::1" Method=GET Path=/api/v1/comment/1 SpendTime="5 ms" status=200
time="2025-05-18 14:20:45" level=info Agent=PostmanRuntime/7.43.3 DataSize=1233 HostName=tate Ip="::1" Method=GET Path=/api/v1/comment/1 SpendTime="2 ms" status=200
time="2025-05-18 14:20:45" level=info Agent=PostmanRuntime/7.43.3 DataSize=332 HostName=tate Ip="::1" Method=GET Path=/api/v1/post/1 SpendTime="1 ms" status=200
time="2025-05-18 14:21:06" level=info Agent=PostmanRuntime/7.43.3 DataSize=332 HostName=tate Ip="::1" Method=GET Path=/api/v1/post/1 SpendTime="6 ms" status=200
time="2025-05-18 14:21:49" level=info Agent=PostmanRuntime/7.43.3 DataSize=332 HostName=tate Ip="::1" Method=GET Path=/api/v1/post/1 SpendTime="3 ms" status=200
time="2025-05-18 14:22:36" level=info Agent=PostmanRuntime/7.43.3 DataSize=332 HostName=tate Ip="::1" Method=GET Path=/api/v1/post/1 SpendTime="5 ms" status=200
time="2025-05-18 14:22:49" level=info Agent=PostmanRuntime/7.43.3 DataSize=332 HostName=tate Ip="::1" Method=GET Path=/api/v1/post/1 SpendTime="3 ms" status=200
time="2025-05-18 14:23:13" level=info Agent=PostmanRuntime/7.43.3 DataSize=1233 HostName=tate Ip="::1" Method=GET Path=/api/v1/comment/1 SpendTime="3 ms" status=200
time="2025-05-18 14:25:01" level=info Agent=PostmanRuntime/7.43.3 DataSize=1233 HostName=tate Ip="::1" Method=GET Path=/api/v1/comment/1 SpendTime="4 ms" status=200
time="2025-05-18 14:25:06" level=info Agent=PostmanRuntime/7.43.3 DataSize=332 HostName=tate Ip="::1" Method=GET Path=/api/v1/post/1 SpendTime="1 ms" status=200
time="2025-05-18 14:26:42" level=info Agent=PostmanRuntime/7.43.3 DataSize=332 HostName=tate Ip="::1" Method=GET Path=/api/v1/post/1 SpendTime="4 ms" status=200
time="2025-05-18 14:27:53" level=info Agent=PostmanRuntime/7.43.3 DataSize=332 HostName=tate Ip="::1" Method=GET Path=/api/v1/post/1 SpendTime="4 ms" status=200
time="2025-05-18 14:28:35" level=info Agent=PostmanRuntime/7.43.3 DataSize=332 HostName=tate Ip="::1" Method=GET Path=/api/v1/post/1 SpendTime="3 ms" status=200
time="2025-05-18 14:29:20" level=info Agent=PostmanRuntime/7.43.3 DataSize=332 HostName=tate Ip="::1" Method=GET Path=/api/v1/post/1 SpendTime="4 ms" status=200
time="2025-05-18 14:39:58" level=info Agent=PostmanRuntime/7.43.3 DataSize=156 HostName=tate Ip="::1" Method=POST Path=/api/v1/login SpendTime="79 ms" status=200
time="2025-05-18 14:43:09" level=info Agent=PostmanRuntime/7.43.3 DataSize=156 HostName=tate Ip="::1" Method=POST Path=/api/v1/login SpendTime="78 ms" status=200
time="2025-05-18 14:43:40" level=info Agent=PostmanRuntime/7.43.3 DataSize=156 HostName=tate Ip="::1" Method=POST Path=/api/v1/login SpendTime="81 ms" status=200
time="2025-05-18 14:45:28" level=warning Agent=PostmanRuntime/7.43.3 DataSize=40 HostName=tate Ip="::1" Method=POST Path=/api/v1/login SpendTime="2 ms" status=401
time="2025-05-18 14:45:41" level=warning Agent=PostmanRuntime/7.43.3 DataSize=40 HostName=tate Ip="::1" Method=POST Path=/api/v1/login SpendTime="77 ms" status=401
time="2025-05-18 14:45:49" level=info Agent=PostmanRuntime/7.43.3 DataSize=156 HostName=tate Ip="::1" Method=POST Path=/api/v1/login SpendTime="77 ms" status=200
time="2025-05-18 14:46:05" level=info Agent=PostmanRuntime/7.43.3 DataSize=156 HostName=tate Ip="::1" Method=POST Path=/api/v1/login SpendTime="110 ms" status=200
time="2025-05-18 14:47:00" level=info Agent=PostmanRuntime/7.43.3 DataSize=156 HostName=tate Ip="::1" Method=POST Path=/api/v1/login SpendTime="76 ms" status=200
time="2025-05-18 14:48:43" level=warning Agent=PostmanRuntime/7.43.3 DataSize=40 HostName=tate Ip="::1" Method=POST Path=/api/v1/login SpendTime="76 ms" status=401
time="2025-05-18 14:48:58" level=warning Agent=PostmanRuntime/7.43.3 DataSize=40 HostName=tate Ip="::1" Method=POST Path=/api/v1/login SpendTime="79 ms" status=401
time="2025-05-18 14:49:10" level=warning Agent=PostmanRuntime/7.43.3 DataSize=40 HostName=tate Ip="::1" Method=POST Path=/api/v1/login SpendTime="4 ms" status=401
time="2025-05-18 14:49:31" level=info Agent=PostmanRuntime/7.43.3 DataSize=156 HostName=tate Ip="::1" Method=POST Path=/api/v1/login SpendTime="79 ms" status=200
time="2025-05-18 14:49:31" level=warning Agent=PostmanRuntime/7.43.3 DataSize=40 HostName=tate Ip="::1" Method=POST Path=/api/v1/login SpendTime="0 ms" status=401
time="2025-05-18 14:49:31" level=warning Agent=PostmanRuntime/7.43.3 DataSize=40 HostName=tate Ip="::1" Method=POST Path=/api/v1/login SpendTime="75 ms" status=401
time="2025-05-18 14:50:08" level=info Agent=PostmanRuntime/7.43.3 DataSize=156 HostName=tate Ip="::1" Method=POST Path=/api/v1/login SpendTime="81 ms" status=200
time="2025-05-18 14:50:08" level=warning Agent=PostmanRuntime/7.43.3 DataSize=40 HostName=tate Ip="::1" Method=POST Path=/api/v1/login SpendTime="1 ms" status=401
time="2025-05-18 14:50:08" level=warning Agent=PostmanRuntime/7.43.3 DataSize=40 HostName=tate Ip="::1" Method=POST Path=/api/v1/login SpendTime="75 ms" status=401
time="2025-05-18 14:51:02" level=info Agent=PostmanRuntime/7.43.3 DataSize=156 HostName=tate Ip="::1" Method=POST Path=/api/v1/login SpendTime="80 ms" status=200
time="2025-05-18 14:51:02" level=warning Agent=PostmanRuntime/7.43.3 DataSize=40 HostName=tate Ip="::1" Method=POST Path=/api/v1/login SpendTime="1 ms" status=401
time="2025-05-18 14:51:02" level=warning Agent=PostmanRuntime/7.43.3 DataSize=40 HostName=tate Ip="::1" Method=POST Path=/api/v1/login SpendTime="75 ms" status=401
time="2025-05-18 14:51:57" level=info Agent=PostmanRuntime/7.43.3 DataSize=156 HostName=tate Ip="::1" Method=POST Path=/api/v1/login SpendTime="82 ms" status=200
time="2025-05-18 14:51:57" level=warning Agent=PostmanRuntime/7.43.3 DataSize=40 HostName=tate Ip="::1" Method=POST Path=/api/v1/login SpendTime="1 ms" status=401
time="2025-05-18 14:51:57" level=warning Agent=PostmanRuntime/7.43.3 DataSize=40 HostName=tate Ip="::1" Method=POST Path=/api/v1/login SpendTime="75 ms" status=401
time="2025-05-18 14:53:42" level=info Agent=PostmanRuntime/7.43.3 DataSize=42 HostName=tate Ip="::1" Method=POST Path=/api/v1/register SpendTime="83 ms" status=201
time="2025-05-18 14:54:40" level=info Agent=PostmanRuntime/7.43.3 DataSize=42 HostName=tate Ip="::1" Method=POST Path=/api/v1/register SpendTime="80 ms" status=201
time="2025-05-18 14:54:54" level=info Agent=PostmanRuntime/7.43.3 DataSize=42 HostName=tate Ip="::1" Method=POST Path=/api/v1/register SpendTime="80 ms" status=201
time="2025-05-18 14:54:58" level=warning Agent=PostmanRuntime/7.43.3 DataSize=15 HostName=tate Ip="::1" Method=POST Path=/api/v1/register SpendTime="0 ms" status=400
time="2025-05-18 14:57:23" level=info Agent=PostmanRuntime/7.43.3 DataSize=332 HostName=tate Ip="::1" Method=GET Path=/api/v1/post/1 SpendTime="3 ms" status=200
time="2025-05-18 14:58:00" level=info Agent=PostmanRuntime/7.43.3 DataSize=312 HostName=tate Ip="::1" Method=POST Path=/api/v1/post/add SpendTime="7 ms" status=201
time="2025-05-18 14:58:14" level=warning Agent=PostmanRuntime/7.43.3 DataSize=15 HostName=tate Ip="::1" Method=POST Path=/api/v1/register SpendTime="0 ms" status=400
time="2025-05-18 14:59:40" level=warning Agent=PostmanRuntime/7.43.3 DataSize=0 HostName=tate Ip="::1" Method=POST Path=/api/v1/post/all SpendTime="0 ms" status=404
time="2025-05-18 15:00:11" level=warning Agent=PostmanRuntime/7.43.3 DataSize=26 HostName=tate Ip="::1" Method=GET Path=/api/v1/post/all SpendTime="3 ms" status=404
time="2025-05-18 15:00:30" level=warning Agent=PostmanRuntime/7.43.3 DataSize=26 HostName=tate Ip="::1" Method=GET Path=/api/v1/post/all SpendTime="3 ms" status=404
time="2025-05-18 15:01:06" level=warning Agent=PostmanRuntime/7.43.3 DataSize=26 HostName=tate Ip="::1" Method=GET Path=/api/v1/post/all SpendTime="2 ms" status=404
time="2025-05-18 15:02:33" level=info Agent=PostmanRuntime/7.43.3 DataSize=1505 HostName=tate Ip="::1" Method=GET Path=/api/v1/post/all SpendTime="11619 ms" status=200
time="2025-05-18 15:02:56" level=info Agent=PostmanRuntime/7.43.3 DataSize=1505 HostName=tate Ip="::1" Method=GET Path=/api/v1/post/all SpendTime="4 ms" status=200
time="2025-05-18 15:03:14" level=info Agent=PostmanRuntime/7.43.3 DataSize=1505 HostName=tate Ip="::1" Method=GET Path=/api/v1/post/all SpendTime="3 ms" status=200
time="2025-05-18 15:03:23" level=info Agent=PostmanRuntime/7.43.3 DataSize=1505 HostName=tate Ip="::1" Method=GET Path=/api/v1/post/all SpendTime="2 ms" status=200
time="2025-05-18 15:04:49" level=warning Agent=PostmanRuntime/7.43.3 DataSize=25 HostName=tate Ip="::1" Method=POST Path=/api/v1/post/update/1 SpendTime="15 ms" status=403
time="2025-05-18 15:05:21" level=warning Agent=PostmanRuntime/7.43.3 DataSize=25 HostName=tate Ip="::1" Method=POST Path=/api/v1/post/update/1 SpendTime="16069 ms" status=403
time="2025-05-18 15:06:46" level=warning Agent=PostmanRuntime/7.43.3 DataSize=25 HostName=tate Ip="::1" Method=POST Path=/api/v1/post/update/1 SpendTime="4999 ms" status=403
time="2025-05-18 15:07:08" level=warning Agent=PostmanRuntime/7.43.3 DataSize=25 HostName=tate Ip="::1" Method=POST Path=/api/v1/post/update/1 SpendTime="3 ms" status=403
time="2025-05-18 15:07:55" level=warning Agent=PostmanRuntime/7.43.3 DataSize=25 HostName=tate Ip="::1" Method=POST Path=/api/v1/post/update/1 SpendTime="40102 ms" status=403
time="2025-05-18 15:08:03" level=info Agent=PostmanRuntime/7.43.3 DataSize=303 HostName=tate Ip="::1" Method=POST Path=/api/v1/post/update/2 SpendTime="7 ms" status=200
time="2025-05-18 15:08:17" level=info Agent=PostmanRuntime/7.43.3 DataSize=304 HostName=tate Ip="::1" Method=POST Path=/api/v1/post/update/2 SpendTime="7 ms" status=200
time="2025-05-18 15:08:26" level=info Agent=PostmanRuntime/7.43.3 DataSize=304 HostName=tate Ip="::1" Method=POST Path=/api/v1/post/update/2 SpendTime="3 ms" status=200
time="2025-05-18 15:10:24" level=warning Agent=PostmanRuntime/7.43.3 DataSize=25 HostName=tate Ip="::1" Method=DELETE Path=/api/v1/post/5 SpendTime="15320 ms" status=403
time="2025-05-18 15:10:42" level=warning Agent=PostmanRuntime/7.43.3 DataSize=25 HostName=tate Ip="::1" Method=DELETE Path=/api/v1/post/5 SpendTime="2286 ms" status=403
time="2025-05-18 15:11:55" level=info Agent=PostmanRuntime/7.43.3 DataSize=26 HostName=tate Ip="::1" Method=DELETE Path=/api/v1/post/5 SpendTime="6 ms" status=200
time="2025-05-18 15:12:17" level=warning Agent=PostmanRuntime/7.43.3 DataSize=26 HostName=tate Ip="::1" Method=DELETE Path=/api/v1/post/5 SpendTime="2 ms" status=404
time="2025-05-18 15:12:32" level=info Agent=PostmanRuntime/7.43.3 DataSize=26 HostName=tate Ip="::1" Method=DELETE Path=/api/v1/post/5 SpendTime="7 ms" status=200
time="2025-05-18 15:14:11" level=info Agent=PostmanRuntime/7.43.3 DataSize=1889 HostName=tate Ip="::1" Method=GET Path=/api/v1/comment/1 SpendTime="4 ms" status=200
time="2025-05-18 15:14:22" level=info Agent=PostmanRuntime/7.43.3 DataSize=1889 HostName=tate Ip="::1" Method=GET Path=/api/v1/comment/1 SpendTime="3 ms" status=200
time="2025-05-18 15:16:21" level=info Agent=PostmanRuntime/7.43.3 DataSize=585 HostName=tate Ip="::1" Method=POST Path=/api/v1/comment/add/1 SpendTime="4 ms" status=201
time="2025-05-18 15:16:31" level=info Agent=PostmanRuntime/7.43.3 DataSize=585 HostName=tate Ip="::1" Method=POST Path=/api/v1/comment/add/1 SpendTime="2 ms" status=201
time="2025-05-18 15:17:23" level=info Agent=PostmanRuntime/7.43.3 DataSize=579 HostName=tate Ip="::1" Method=POST Path=/api/v1/comment/add/1 SpendTime="5 ms" status=201
time="2025-05-18 15:17:27" level=warning Agent=PostmanRuntime/7.43.3 DataSize=15 HostName=tate Ip="::1" Method=POST Path=/api/v1/comment/add/1 SpendTime="0 ms" status=400
time="2025-05-18 15:17:39" level=warning Agent=PostmanRuntime/7.43.3 DataSize=15 HostName=tate Ip="::1" Method=POST Path=/api/v1/comment/add/1 SpendTime="0 ms" status=400
time="2025-05-18 15:17:49" level=warning Agent=PostmanRuntime/7.43.3 DataSize=15 HostName=tate Ip="::1" Method=POST Path=/api/v1/comment/add/1 SpendTime="0 ms" status=400
time="2025-05-18 15:18:29" level=warning Agent=PostmanRuntime/7.43.3 DataSize=15 HostName=tate Ip="::1" Method=POST Path=/api/v1/comment/add/1 SpendTime="0 ms" status=400
time="2025-05-18 15:18:49" level=info Agent=PostmanRuntime/7.43.3 DataSize=156 HostName=tate Ip="::1" Method=POST Path=/api/v1/login SpendTime="80 ms" status=200
time="2025-05-18 15:18:49" level=warning Agent=PostmanRuntime/7.43.3 DataSize=40 HostName=tate Ip="::1" Method=POST Path=/api/v1/login SpendTime="1 ms" status=401
time="2025-05-18 15:18:49" level=warning Agent=PostmanRuntime/7.43.3 DataSize=40 HostName=tate Ip="::1" Method=POST Path=/api/v1/login SpendTime="76 ms" status=401
time="2025-05-18 15:18:49" level=info Agent=PostmanRuntime/7.43.3 DataSize=42 HostName=tate Ip="::1" Method=POST Path=/api/v1/register SpendTime="79 ms" status=201
time="2025-05-18 15:18:49" level=info Agent=PostmanRuntime/7.43.3 DataSize=42 HostName=tate Ip="::1" Method=POST Path=/api/v1/register SpendTime="74 ms" status=201
time="2025-05-18 15:18:49" level=info Agent=PostmanRuntime/7.43.3 DataSize=332 HostName=tate Ip="::1" Method=GET Path=/api/v1/post/1 SpendTime="2 ms" status=200
time="2025-05-18 15:18:49" level=info Agent=PostmanRuntime/7.43.3 DataSize=312 HostName=tate Ip="::1" Method=POST Path=/api/v1/post/add SpendTime="2 ms" status=201
time="2025-05-18 15:18:49" level=info Agent=PostmanRuntime/7.43.3 DataSize=2260 HostName=tate Ip="::1" Method=GET Path=/api/v1/post/all SpendTime="3 ms" status=200
time="2025-05-18 15:18:49" level=warning Agent=PostmanRuntime/7.43.3 DataSize=25 HostName=tate Ip="::1" Method=POST Path=/api/v1/post/update/1 SpendTime="1 ms" status=403
time="2025-05-18 15:18:49" level=info Agent=PostmanRuntime/7.43.3 DataSize=304 HostName=tate Ip="::1" Method=POST Path=/api/v1/post/update/2 SpendTime="5 ms" status=200
time="2025-05-18 15:18:49" level=info Agent=PostmanRuntime/7.43.3 DataSize=26 HostName=tate Ip="::1" Method=DELETE Path=/api/v1/post/5 SpendTime="4 ms" status=200
time="2025-05-18 15:18:50" level=warning Agent=PostmanRuntime/7.43.3 DataSize=26 HostName=tate Ip="::1" Method=DELETE Path=/api/v1/post/5 SpendTime="0 ms" status=404
time="2025-05-18 15:18:50" level=info Agent=PostmanRuntime/7.43.3 DataSize=3857 HostName=tate Ip="::1" Method=GET Path=/api/v1/comment/1 SpendTime="2 ms" status=200
time="2025-05-18 15:18:50" level=info Agent=PostmanRuntime/7.43.3 DataSize=312 HostName=tate Ip="::1" Method=POST Path=/api/v1/post/add SpendTime="3 ms" status=201
time="2025-05-18 15:18:50" level=warning Agent=PostmanRuntime/7.43.3 DataSize=15 HostName=tate Ip="::1" Method=POST Path=/api/v1/comment/add/1 SpendTime="0 ms" status=400
time="2025-05-18 15:26:18" level=warning Agent=PostmanRuntime/7.43.3 DataSize=40 HostName=tate Ip="::1" Method=POST Path=/api/v1/login SpendTime="3 ms" status=401
time="2025-05-18 15:28:05" level=info Agent=PostmanRuntime/7.43.3 DataSize=42 HostName=tate Ip="::1" Method=POST Path=/api/v1/register SpendTime="79 ms" status=201
time="2025-05-18 15:28:18" level=warning Agent=PostmanRuntime/7.43.3 DataSize=15 HostName=tate Ip="::1" Method=POST Path=/api/v1/register SpendTime="0 ms" status=400
time="2025-05-18 15:32:41" level=info Agent=PostmanRuntime/7.43.3 DataSize=332 HostName=tate Ip="::1" Method=GET Path=/api/v1/post/1 SpendTime="3 ms" status=200
time="2025-05-18 15:33:43" level=info Agent=PostmanRuntime/7.43.3 DataSize=312 HostName=tate Ip="::1" Method=POST Path=/api/v1/post/add SpendTime="6 ms" status=201
